# JRE version: Java(TM) SE Runtime Environment (8.0_301-b09) (build 1.8.0_301-b09)
# Java VM: Java HotSpot(TM) 64-Bit Server VM (25.301-b09 mixed mode windows-amd64 compressed oops)
Heap:
 PSYoungGen      total 33280K, used 32124K [0x00000000d6380000, 0x00000000db300000, 0x0000000100000000)
  eden space 28160K, 100% used [0x00000000d6380000,0x00000000d7f00000,0x00000000d7f00000)
  from space 5120K, 77% used [0x00000000d8880000,0x00000000d8c5f120,0x00000000d8d80000)
  to   space 9728K, 10% used [0x00000000d7f00000,0x00000000d7ff8000,0x00000000d8880000)
 ParOldGen       total 46080K, used 5847K [0x0000000082a00000, 0x0000000085700000, 0x00000000d6380000)
  object space 46080K, 12% used [0x0000000082a00000,0x0000000082fb5da0,0x0000000085700000)
 Metaspace       used 24075K, capacity 25050K, committed 25216K, reserved 1071104K
  class space    used 3161K, capacity 3407K, committed 3456K, reserved 1048576K
GC Heap History (10 events):
Event: 2.512 GC heap before
{Heap before GC invocations=3 (full 0):
 PSYoungGen      total 37888K, used 37858K [0x00000000d6380000, 0x00000000d8d80000, 0x0000000100000000)
  eden space 32768K, 100% used [0x00000000d6380000,0x00000000d8380000,0x00000000d8380000)
  from space 5120K, 99% used [0x00000000d8880000,0x00000000d8d78a88,0x00000000d8d80000)
  to   space 5120K, 0% used [0x00000000d8380000,0x00000000d8380000,0x00000000d8880000)
 ParOldGen       total 86016K, used 568K [0x0000000082a00000, 0x0000000087e00000, 0x00000000d6380000)
  object space 86016K, 0% used [0x0000000082a00000,0x0000000082a8e368,0x0000000087e00000)
 Metaspace       used 16787K, capacity 17276K, committed 17408K, reserved 1064960K
  class space    used 2151K, capacity 2279K, committed 2304K, reserved 1048576K
Event: 2.527 GC heap after
Heap after GC invocations=3 (full 0):
 PSYoungGen      total 37888K, used 5100K [0x00000000d6380000, 0x00000000d8d80000, 0x0000000100000000)
  eden space 32768K, 0% used [0x00000000d6380000,0x00000000d6380000,0x00000000d8380000)
  from space 5120K, 99% used [0x00000000d8380000,0x00000000d887b368,0x00000000d8880000)
  to   space 5120K, 0% used [0x00000000d8880000,0x00000000d8880000,0x00000000d8d80000)
 ParOldGen       total 86016K, used 3237K [0x0000000082a00000, 0x0000000087e00000, 0x00000000d6380000)
  object space 86016K, 3% used [0x0000000082a00000,0x0000000082d29728,0x0000000087e00000)
 Metaspace       used 16787K, capacity 17276K, committed 17408K, reserved 1064960K
  class space    used 2151K, capacity 2279K, committed 2304K, reserved 1048576K
}
Event: 2.819 GC heap before
{Heap before GC invocations=4 (full 0):
 PSYoungGen      total 37888K, used 37868K [0x00000000d6380000, 0x00000000d8d80000, 0x0000000100000000)
  eden space 32768K, 100% used [0x00000000d6380000,0x00000000d8380000,0x00000000d8380000)
  from space 5120K, 99% used [0x00000000d8380000,0x00000000d887b368,0x00000000d8880000)
  to   space 5120K, 0% used [0x00000000d8880000,0x00000000d8880000,0x00000000d8d80000)
 ParOldGen       total 86016K, used 3237K [0x0000000082a00000, 0x0000000087e00000, 0x00000000d6380000)
  object space 86016K, 3% used [0x0000000082a00000,0x0000000082d29728,0x0000000087e00000)
 Metaspace       used 20250K, capacity 20950K, committed 21248K, reserved 1067008K
  class space    used 2617K, capacity 2768K, committed 2816K, reserved 1048576K
Event: 2.827 GC heap after
Heap after GC invocations=4 (full 0):
 PSYoungGen      total 37888K, used 5089K [0x00000000d6380000, 0x00000000d8d80000, 0x0000000100000000)
  eden space 32768K, 0% used [0x00000000d6380000,0x00000000d6380000,0x00000000d8380000)
  from space 5120K, 99% used [0x00000000d8880000,0x00000000d8d786a0,0x00000000d8d80000)
  to   space 5120K, 0% used [0x00000000d8380000,0x00000000d8380000,0x00000000d8880000)
 ParOldGen       total 86016K, used 6449K [0x0000000082a00000, 0x0000000087e00000, 0x00000000d6380000)
  object space 86016K, 7% used [0x0000000082a00000,0x000000008304c730,0x0000000087e00000)
 Metaspace       used 20250K, capacity 20950K, committed 21248K, reserved 1067008K
  class space    used 2617K, capacity 2768K, committed 2816K, reserved 1048576K
}
Event: 2.838 GC heap before
{Heap before GC invocations=5 (full 0):
 PSYoungGen      total 37888K, used 7675K [0x00000000d6380000, 0x00000000d8d80000, 0x0000000100000000)
  eden space 32768K, 7% used [0x00000000d6380000,0x00000000d66065e8,0x00000000d8380000)
  from space 5120K, 99% used [0x00000000d8880000,0x00000000d8d786a0,0x00000000d8d80000)
  to   space 5120K, 0% used [0x00000000d8380000,0x00000000d8380000,0x00000000d8880000)
 ParOldGen       total 86016K, used 6449K [0x0000000082a00000, 0x0000000087e00000, 0x00000000d6380000)
  object space 86016K, 7% used [0x0000000082a00000,0x000000008304c730,0x0000000087e00000)
 Metaspace       used 20507K, capacity 21194K, committed 21248K, reserved 1067008K
  class space    used 2645K, capacity 2806K, committed 2816K, reserved 1048576K
Event: 2.842 GC heap after
Heap after GC invocations=5 (full 0):
 PSYoungGen      total 37888K, used 5109K [0x00000000d6380000, 0x00000000d8d80000, 0x0000000100000000)
  eden space 32768K, 0% used [0x00000000d6380000,0x00000000d6380000,0x00000000d8380000)
  from space 5120K, 99% used [0x00000000d8380000,0x00000000d887d438,0x00000000d8880000)
  to   space 5120K, 0% used [0x00000000d8880000,0x00000000d8880000,0x00000000d8d80000)
 ParOldGen       total 86016K, used 6792K [0x0000000082a00000, 0x0000000087e00000, 0x00000000d6380000)
  object space 86016K, 7% used [0x0000000082a00000,0x00000000830a21d8,0x0000000087e00000)
 Metaspace       used 20507K, capacity 21194K, committed 21248K, reserved 1067008K
  class space    used 2645K, capacity 2806K, committed 2816K, reserved 1048576K
}
Event: 2.842 GC heap before
{Heap before GC invocations=6 (full 1):
 PSYoungGen      total 37888K, used 5109K [0x00000000d6380000, 0x00000000d8d80000, 0x0000000100000000)
  eden space 32768K, 0% used [0x00000000d6380000,0x00000000d6380000,0x00000000d8380000)
  from space 5120K, 99% used [0x00000000d8380000,0x00000000d887d438,0x00000000d8880000)
  to   space 5120K, 0% used [0x00000000d8880000,0x00000000d8880000,0x00000000d8d80000)
 ParOldGen       total 86016K, used 6792K [0x0000000082a00000, 0x0000000087e00000, 0x00000000d6380000)
  object space 86016K, 7% used [0x0000000082a00000,0x00000000830a21d8,0x0000000087e00000)
 Metaspace       used 20507K, capacity 21194K, committed 21248K, reserved 1067008K
  class space    used 2645K, capacity 2806K, committed 2816K, reserved 1048576K
Event: 2.870 GC heap after
Heap after GC invocations=6 (full 1):
 PSYoungGen      total 37888K, used 0K [0x00000000d6380000, 0x00000000d8d80000, 0x0000000100000000)
  eden space 32768K, 0% used [0x00000000d6380000,0x00000000d6380000,0x00000000d8380000)
  from space 5120K, 0% used [0x00000000d8380000,0x00000000d8380000,0x00000000d8880000)
  to   space 5120K, 0% used [0x00000000d8880000,0x00000000d8880000,0x00000000d8d80000)
 ParOldGen       total 46080K, used 5839K [0x0000000082a00000, 0x0000000085700000, 0x00000000d6380000)
  object space 46080K, 12% used [0x0000000082a00000,0x0000000082fb3da0,0x0000000085700000)
 Metaspace       used 20507K, capacity 21194K, committed 21248K, reserved 1067008K
  class space    used 2645K, capacity 2806K, committed 2816K, reserved 1048576K
}
Event: 3.110 GC heap before
{Heap before GC invocations=7 (full 1):
 PSYoungGen      total 37888K, used 32724K [0x00000000d6380000, 0x00000000d8d80000, 0x0000000100000000)
  eden space 32768K, 99% used [0x00000000d6380000,0x00000000d83750a0,0x00000000d8380000)
  from space 5120K, 0% used [0x00000000d8380000,0x00000000d8380000,0x00000000d8880000)
  to   space 5120K, 0% used [0x00000000d8880000,0x00000000d8880000,0x00000000d8d80000)
 ParOldGen       total 46080K, used 5839K [0x0000000082a00000, 0x0000000085700000, 0x00000000d6380000)
  object space 46080K, 12% used [0x0000000082a00000,0x0000000082fb3da0,0x0000000085700000)
 Metaspace       used 23066K, capacity 23916K, committed 24064K, reserved 1071104K
  class space    used 3029K, capacity 3209K, committed 3328K, reserved 1048576K
Event: 3.113 GC heap after
Heap after GC invocations=7 (full 1):
 PSYoungGen      total 33280K, used 3964K [0x00000000d6380000, 0x00000000db300000, 0x0000000100000000)
  eden space 28160K, 0% used [0x00000000d6380000,0x00000000d6380000,0x00000000d7f00000)
  from space 5120K, 77% used [0x00000000d8880000,0x00000000d8c5f120,0x00000000d8d80000)
  to   space 9728K, 0% used [0x00000000d7f00000,0x00000000d7f00000,0x00000000d8880000)
 ParOldGen       total 46080K, used 5847K [0x0000000082a00000, 0x0000000085700000, 0x00000000d6380000)
  object space 46080K, 12% used [0x0000000082a00000,0x0000000082fb5da0,0x0000000085700000)
 Metaspace       used 23066K, capacity 23916K, committed 24064K, reserved 1071104K
  class space    used 3029K, capacity 3209K, committed 3328K, reserved 1048576K
}

